<?xml version="1.0" encoding="UTF-8"?>
<testng-results skipped="0" failed="2" ignored="0" total="5" passed="3">
  <reporter-output>
  </reporter-output>
  <suite name="VoicemodWebsiteTests" duration-ms="195849" started-at="2021-03-11T08:32:03 CET" finished-at="2021-03-11T08:35:19 CET">
    <groups>
    </groups>
    <test name="Voicemod website tests" duration-ms="195849" started-at="2021-03-11T08:32:03 CET" finished-at="2021-03-11T08:35:19 CET">
      <class name="tests.TestsAcceptanceWebsite">
        <test-method status="PASS" signature="beforeSuite()[pri:0, instance:tests.TestsAcceptanceWebsite@7364985f]" name="beforeSuite" is-config="true" duration-ms="126" started-at="2021-03-11T08:32:03 CET" finished-at="2021-03-11T08:32:03 CET">
          <reporter-output>
          </reporter-output>
        </test-method> <!-- beforeSuite -->
        <test-method status="PASS" signature="beforeTest(org.testng.ITestContext)[pri:0, instance:tests.TestsAcceptanceWebsite@7364985f]" name="beforeTest" is-config="true" duration-ms="3" started-at="2021-03-11T08:32:03 CET" finished-at="2021-03-11T08:32:03 CET">
          <params>
            <param index="0">
              <value>
                <![CDATA[org.testng.TestRunner@c1fca2a]]>
              </value>
            </param>
          </params>
          <reporter-output>
          </reporter-output>
        </test-method> <!-- beforeTest -->
        <test-method status="PASS" signature="clearBrowserCache()[pri:0, instance:tests.TestsAcceptanceWebsite@7364985f]" name="clearBrowserCache" is-config="true" duration-ms="37" started-at="2021-03-11T08:32:03 CET" finished-at="2021-03-11T08:32:03 CET">
          <reporter-output>
          </reporter-output>
        </test-method> <!-- clearBrowserCache -->
        <test-method status="PASS" signature="before(org.testng.ITestResult)[pri:0, instance:tests.TestsAcceptanceWebsite@7364985f]" name="before" is-config="true" duration-ms="2" started-at="2021-03-11T08:32:03 CET" finished-at="2021-03-11T08:32:03 CET">
          <params>
            <param index="0">
              <value>
                <![CDATA[[TestResult name={null} status=CREATED method=TestsAcceptanceWebsite.changeTheWebsiteLanguage()[pri:0, instance:tests.TestsAcceptanceWebsite@7364985f] output={null}]]]>
              </value>
            </param>
          </params>
          <reporter-output>
          </reporter-output>
        </test-method> <!-- before -->
        <test-method status="PASS" signature="setDownloadPrefInFirefox()[pri:0, instance:tests.TestsAcceptanceWebsite@7364985f]" name="setDownloadPrefInFirefox" is-config="true" duration-ms="1" started-at="2021-03-11T08:32:03 CET" finished-at="2021-03-11T08:32:03 CET">
          <reporter-output>
          </reporter-output>
        </test-method> <!-- setDownloadPrefInFirefox -->
        <test-method status="PASS" signature="setUpBrowser(java.lang.String)[pri:0, instance:tests.TestsAcceptanceWebsite@7364985f]" name="setUpBrowser" is-config="true" duration-ms="25184" started-at="2021-03-11T08:32:03 CET" finished-at="2021-03-11T08:32:28 CET">
          <params>
            <param index="0">
              <value>
                <![CDATA[https://www.voicemod.net/]]>
              </value>
            </param>
          </params>
          <reporter-output>
          </reporter-output>
        </test-method> <!-- setUpBrowser -->
        <test-method status="PASS" signature="beforeTest()[pri:0, instance:tests.TestsAcceptanceWebsite@7364985f]" name="beforeTest" is-config="true" duration-ms="43" started-at="2021-03-11T08:32:28 CET" finished-at="2021-03-11T08:32:28 CET">
          <reporter-output>
          </reporter-output>
        </test-method> <!-- beforeTest -->
        <test-method status="PASS" signature="changeTheWebsiteLanguage()[pri:0, instance:tests.TestsAcceptanceWebsite@7364985f]" name="changeTheWebsiteLanguage" duration-ms="36891" started-at="2021-03-11T08:32:28 CET" description="Test_Website_04 from Acceptance Tests excel sheet" finished-at="2021-03-11T08:33:05 CET">
          <reporter-output>
          </reporter-output>
        </test-method> <!-- changeTheWebsiteLanguage -->
        <test-method status="PASS" signature="getTestResultInExtentReport(org.testng.ITestResult)[pri:0, instance:tests.TestsAcceptanceWebsite@7364985f]" name="getTestResultInExtentReport" is-config="true" duration-ms="2528" started-at="2021-03-11T08:33:05 CET" finished-at="2021-03-11T08:33:08 CET">
          <params>
            <param index="0">
              <value>
                <![CDATA[[TestResult name=changeTheWebsiteLanguage status=SUCCESS method=TestsAcceptanceWebsite.changeTheWebsiteLanguage()[pri:0, instance:tests.TestsAcceptanceWebsite@7364985f] output={null}]]]>
              </value>
            </param>
          </params>
          <reporter-output>
          </reporter-output>
        </test-method> <!-- getTestResultInExtentReport -->
        <test-method status="PASS" signature="setDownloadPrefInFirefox()[pri:0, instance:tests.TestsAcceptanceWebsite@7364985f]" name="setDownloadPrefInFirefox" is-config="true" duration-ms="1" started-at="2021-03-11T08:33:08 CET" finished-at="2021-03-11T08:33:08 CET">
          <reporter-output>
          </reporter-output>
        </test-method> <!-- setDownloadPrefInFirefox -->
        <test-method status="PASS" signature="before(org.testng.ITestResult)[pri:0, instance:tests.TestsAcceptanceWebsite@7364985f]" name="before" is-config="true" duration-ms="0" started-at="2021-03-11T08:33:08 CET" finished-at="2021-03-11T08:33:08 CET">
          <params>
            <param index="0">
              <value>
                <![CDATA[[TestResult name={null} status=CREATED method=TestsAcceptanceWebsite.downloadVoicemodUsingGoogleSignIn()[pri:0, instance:tests.TestsAcceptanceWebsite@7364985f] output={null}]]]>
              </value>
            </param>
          </params>
          <reporter-output>
          </reporter-output>
        </test-method> <!-- before -->
        <test-method status="PASS" signature="setUpBrowser(java.lang.String)[pri:0, instance:tests.TestsAcceptanceWebsite@7364985f]" name="setUpBrowser" is-config="true" duration-ms="3364" started-at="2021-03-11T08:33:08 CET" finished-at="2021-03-11T08:33:11 CET">
          <params>
            <param index="0">
              <value>
                <![CDATA[https://www.voicemod.net/]]>
              </value>
            </param>
          </params>
          <reporter-output>
          </reporter-output>
        </test-method> <!-- setUpBrowser -->
        <test-method status="PASS" signature="beforeTest()[pri:0, instance:tests.TestsAcceptanceWebsite@7364985f]" name="beforeTest" is-config="true" duration-ms="1" started-at="2021-03-11T08:33:11 CET" finished-at="2021-03-11T08:33:11 CET">
          <reporter-output>
          </reporter-output>
        </test-method> <!-- beforeTest -->
        <test-method status="PASS" signature="downloadVoicemodUsingGoogleSignIn()[pri:0, instance:tests.TestsAcceptanceWebsite@7364985f]" name="downloadVoicemodUsingGoogleSignIn" duration-ms="30969" started-at="2021-03-11T08:33:11 CET" description="Test_Website_01 from Acceptance Tests excel sheet" finished-at="2021-03-11T08:33:42 CET">
          <reporter-output>
          </reporter-output>
        </test-method> <!-- downloadVoicemodUsingGoogleSignIn -->
        <test-method status="PASS" signature="getTestResultInExtentReport(org.testng.ITestResult)[pri:0, instance:tests.TestsAcceptanceWebsite@7364985f]" name="getTestResultInExtentReport" is-config="true" duration-ms="2368" started-at="2021-03-11T08:33:42 CET" finished-at="2021-03-11T08:33:44 CET">
          <params>
            <param index="0">
              <value>
                <![CDATA[[TestResult name=downloadVoicemodUsingGoogleSignIn status=SUCCESS method=TestsAcceptanceWebsite.downloadVoicemodUsingGoogleSignIn()[pri:0, instance:tests.TestsAcceptanceWebsite@7364985f] output={null}]]]>
              </value>
            </param>
          </params>
          <reporter-output>
          </reporter-output>
        </test-method> <!-- getTestResultInExtentReport -->
        <test-method status="PASS" signature="before(org.testng.ITestResult)[pri:0, instance:tests.TestsAcceptanceWebsite@7364985f]" name="before" is-config="true" duration-ms="0" started-at="2021-03-11T08:33:44 CET" finished-at="2021-03-11T08:33:44 CET">
          <params>
            <param index="0">
              <value>
                <![CDATA[[TestResult name={null} status=CREATED method=TestsAcceptanceWebsite.verifyTheWebPageHasContent()[pri:0, instance:tests.TestsAcceptanceWebsite@7364985f] output={null}]]]>
              </value>
            </param>
          </params>
          <reporter-output>
          </reporter-output>
        </test-method> <!-- before -->
        <test-method status="PASS" signature="setDownloadPrefInFirefox()[pri:0, instance:tests.TestsAcceptanceWebsite@7364985f]" name="setDownloadPrefInFirefox" is-config="true" duration-ms="1" started-at="2021-03-11T08:33:44 CET" finished-at="2021-03-11T08:33:44 CET">
          <reporter-output>
          </reporter-output>
        </test-method> <!-- setDownloadPrefInFirefox -->
        <test-method status="PASS" signature="setUpBrowser(java.lang.String)[pri:0, instance:tests.TestsAcceptanceWebsite@7364985f]" name="setUpBrowser" is-config="true" duration-ms="3796" started-at="2021-03-11T08:33:44 CET" finished-at="2021-03-11T08:33:48 CET">
          <params>
            <param index="0">
              <value>
                <![CDATA[https://www.voicemod.net/]]>
              </value>
            </param>
          </params>
          <reporter-output>
          </reporter-output>
        </test-method> <!-- setUpBrowser -->
        <test-method status="PASS" signature="beforeTest()[pri:0, instance:tests.TestsAcceptanceWebsite@7364985f]" name="beforeTest" is-config="true" duration-ms="1" started-at="2021-03-11T08:33:48 CET" finished-at="2021-03-11T08:33:48 CET">
          <reporter-output>
          </reporter-output>
        </test-method> <!-- beforeTest -->
        <test-method status="PASS" signature="verifyTheWebPageHasContent()[pri:0, instance:tests.TestsAcceptanceWebsite@7364985f]" name="verifyTheWebPageHasContent" duration-ms="316" started-at="2021-03-11T08:33:48 CET" description="Test_Website_05 from Acceptance Tests excel sheet" finished-at="2021-03-11T08:33:48 CET">
          <reporter-output>
          </reporter-output>
        </test-method> <!-- verifyTheWebPageHasContent -->
        <test-method status="PASS" signature="getTestResultInExtentReport(org.testng.ITestResult)[pri:0, instance:tests.TestsAcceptanceWebsite@7364985f]" name="getTestResultInExtentReport" is-config="true" duration-ms="2357" started-at="2021-03-11T08:33:48 CET" finished-at="2021-03-11T08:33:51 CET">
          <params>
            <param index="0">
              <value>
                <![CDATA[[TestResult name=verifyTheWebPageHasContent status=SUCCESS method=TestsAcceptanceWebsite.verifyTheWebPageHasContent()[pri:0, instance:tests.TestsAcceptanceWebsite@7364985f] output={null}]]]>
              </value>
            </param>
          </params>
          <reporter-output>
          </reporter-output>
        </test-method> <!-- getTestResultInExtentReport -->
        <test-method status="PASS" signature="before(org.testng.ITestResult)[pri:0, instance:tests.TestsAcceptanceWebsite@7364985f]" name="before" is-config="true" duration-ms="1" started-at="2021-03-11T08:33:51 CET" finished-at="2021-03-11T08:33:51 CET">
          <params>
            <param index="0">
              <value>
                <![CDATA[[TestResult name={null} status=CREATED method=TestsAcceptanceWebsite.verifyVoicemodSignInUsingDiscord()[pri:0, instance:tests.TestsAcceptanceWebsite@7364985f] output={null}]]]>
              </value>
            </param>
          </params>
          <reporter-output>
          </reporter-output>
        </test-method> <!-- before -->
        <test-method status="PASS" signature="setUpBrowser(java.lang.String)[pri:0, instance:tests.TestsAcceptanceWebsite@7364985f]" name="setUpBrowser" is-config="true" duration-ms="3800" started-at="2021-03-11T08:33:51 CET" finished-at="2021-03-11T08:33:55 CET">
          <params>
            <param index="0">
              <value>
                <![CDATA[https://www.voicemod.net/]]>
              </value>
            </param>
          </params>
          <reporter-output>
          </reporter-output>
        </test-method> <!-- setUpBrowser -->
        <test-method status="PASS" signature="setDownloadPrefInFirefox()[pri:0, instance:tests.TestsAcceptanceWebsite@7364985f]" name="setDownloadPrefInFirefox" is-config="true" duration-ms="0" started-at="2021-03-11T08:33:51 CET" finished-at="2021-03-11T08:33:51 CET">
          <reporter-output>
          </reporter-output>
        </test-method> <!-- setDownloadPrefInFirefox -->
        <test-method status="PASS" signature="beforeTest()[pri:0, instance:tests.TestsAcceptanceWebsite@7364985f]" name="beforeTest" is-config="true" duration-ms="1" started-at="2021-03-11T08:33:55 CET" finished-at="2021-03-11T08:33:55 CET">
          <reporter-output>
          </reporter-output>
        </test-method> <!-- beforeTest -->
        <test-method status="FAIL" signature="verifyVoicemodSignInUsingDiscord()[pri:0, instance:tests.TestsAcceptanceWebsite@7364985f]" name="verifyVoicemodSignInUsingDiscord" duration-ms="39571" started-at="2021-03-11T08:33:55 CET" description="Test_Website_02 from Acceptance Tests excel sheet" finished-at="2021-03-11T08:34:34 CET">
          <exception class="org.openqa.selenium.NoSuchElementException">
            <message>
              <![CDATA[Unable to locate element: //a[@id='Discord']
For documentation on this error, please visit: https://www.seleniumhq.org/exceptions/no_such_element.html
Build info: version: '3.141.59', revision: 'e82be7d358', time: '2018-11-14T08:17:03'
System info: host: 'f8ffc202c4b9.ant.amazon.com', ip: '172.20.10.2', os.name: 'Mac OS X', os.arch: 'x86_64', os.version: '10.14.6', java.version: '1.8.0_282'
Driver info: org.openqa.selenium.firefox.FirefoxDriver
Capabilities {acceptInsecureCerts: true, browserName: firefox, browserVersion: 78.7.0, javascriptEnabled: true, moz:accessibilityChecks: false, moz:buildID: 20210119174753, moz:geckodriverVersion: 0.29.0, moz:headless: false, moz:processID: 26434, moz:profile: /var/folders/j2/j37l7hqs1pn..., moz:shutdownTimeout: 60000, moz:useNonSpecCompliantPointerOrigin: false, moz:webdriverClick: true, pageLoadStrategy: normal, platform: MAC, platformName: MAC, platformVersion: 18.7.0, rotatable: false, setWindowRect: true, strictFileInteractability: false, timeouts: {implicit: 0, pageLoad: 300000, script: 30000}, unhandledPromptBehavior: dismiss and notify}
Session ID: 2504c7cd-2711-ee4e-89c8-2f816a36fe6b
*** Element info: {Using=xpath, value=//a[@id='Discord']}]]>
            </message>
            <full-stacktrace>
              <![CDATA[org.openqa.selenium.NoSuchElementException: Unable to locate element: //a[@id='Discord']
For documentation on this error, please visit: https://www.seleniumhq.org/exceptions/no_such_element.html
Build info: version: '3.141.59', revision: 'e82be7d358', time: '2018-11-14T08:17:03'
System info: host: 'f8ffc202c4b9.ant.amazon.com', ip: '172.20.10.2', os.name: 'Mac OS X', os.arch: 'x86_64', os.version: '10.14.6', java.version: '1.8.0_282'
Driver info: org.openqa.selenium.firefox.FirefoxDriver
Capabilities {acceptInsecureCerts: true, browserName: firefox, browserVersion: 78.7.0, javascriptEnabled: true, moz:accessibilityChecks: false, moz:buildID: 20210119174753, moz:geckodriverVersion: 0.29.0, moz:headless: false, moz:processID: 26434, moz:profile: /var/folders/j2/j37l7hqs1pn..., moz:shutdownTimeout: 60000, moz:useNonSpecCompliantPointerOrigin: false, moz:webdriverClick: true, pageLoadStrategy: normal, platform: MAC, platformName: MAC, platformVersion: 18.7.0, rotatable: false, setWindowRect: true, strictFileInteractability: false, timeouts: {implicit: 0, pageLoad: 300000, script: 30000}, unhandledPromptBehavior: dismiss and notify}
Session ID: 2504c7cd-2711-ee4e-89c8-2f816a36fe6b
*** Element info: {Using=xpath, value=//a[@id='Discord']}
at sun.reflect.NativeConstructorAccessorImpl.newInstance0(Native Method)
at sun.reflect.NativeConstructorAccessorImpl.newInstance(NativeConstructorAccessorImpl.java:62)
at sun.reflect.DelegatingConstructorAccessorImpl.newInstance(DelegatingConstructorAccessorImpl.java:45)
at java.lang.reflect.Constructor.newInstance(Constructor.java:423)
at org.openqa.selenium.remote.http.W3CHttpResponseCodec.createException(W3CHttpResponseCodec.java:187)
at org.openqa.selenium.remote.http.W3CHttpResponseCodec.decode(W3CHttpResponseCodec.java:122)
at org.openqa.selenium.remote.http.W3CHttpResponseCodec.decode(W3CHttpResponseCodec.java:49)
at org.openqa.selenium.remote.HttpCommandExecutor.execute(HttpCommandExecutor.java:158)
at org.openqa.selenium.remote.service.DriverCommandExecutor.execute(DriverCommandExecutor.java:83)
at org.openqa.selenium.remote.RemoteWebDriver.execute(RemoteWebDriver.java:552)
at org.openqa.selenium.remote.RemoteWebDriver.findElement(RemoteWebDriver.java:323)
at org.openqa.selenium.remote.RemoteWebDriver.findElementByXPath(RemoteWebDriver.java:428)
at org.openqa.selenium.By$ByXPath.findElement(By.java:353)
at org.openqa.selenium.remote.RemoteWebDriver.findElement(RemoteWebDriver.java:315)
at org.openqa.selenium.support.pagefactory.DefaultElementLocator.findElement(DefaultElementLocator.java:69)
at org.openqa.selenium.support.pagefactory.internal.LocatingElementHandler.invoke(LocatingElementHandler.java:38)
at com.sun.proxy.$Proxy13.click(Unknown Source)
at pages.SignUpPage.clickDiscordSignInButton(SignUpPage.java:84)
at tests.TestsAcceptanceWebsite.verifyVoicemodSignInUsingDiscord(TestsAcceptanceWebsite.java:66)
at sun.reflect.NativeMethodAccessorImpl.invoke0(Native Method)
at sun.reflect.NativeMethodAccessorImpl.invoke(NativeMethodAccessorImpl.java:62)
at sun.reflect.DelegatingMethodAccessorImpl.invoke(DelegatingMethodAccessorImpl.java:43)
at java.lang.reflect.Method.invoke(Method.java:498)
at org.testng.internal.MethodInvocationHelper.invokeMethod(MethodInvocationHelper.java:132)
at org.testng.internal.TestInvoker.invokeMethod(TestInvoker.java:599)
at org.testng.internal.TestInvoker.invokeTestMethod(TestInvoker.java:174)
at org.testng.internal.MethodRunner.runInSequence(MethodRunner.java:46)
at org.testng.internal.TestInvoker$MethodInvocationAgent.invoke(TestInvoker.java:822)
at org.testng.internal.TestInvoker.invokeTestMethods(TestInvoker.java:147)
at org.testng.internal.TestMethodWorker.invokeTestMethods(TestMethodWorker.java:146)
at org.testng.internal.TestMethodWorker.run(TestMethodWorker.java:128)
at java.util.ArrayList.forEach(ArrayList.java:1259)
at org.testng.TestRunner.privateRun(TestRunner.java:764)
at org.testng.TestRunner.run(TestRunner.java:585)
at org.testng.SuiteRunner.runTest(SuiteRunner.java:384)
at org.testng.SuiteRunner.runSequentially(SuiteRunner.java:378)
at org.testng.SuiteRunner.privateRun(SuiteRunner.java:337)
at org.testng.SuiteRunner.run(SuiteRunner.java:286)
at org.testng.SuiteRunnerWorker.runSuite(SuiteRunnerWorker.java:53)
at org.testng.SuiteRunnerWorker.run(SuiteRunnerWorker.java:96)
at org.testng.TestNG.runSuitesSequentially(TestNG.java:1218)
at org.testng.TestNG.runSuitesLocally(TestNG.java:1140)
at org.testng.TestNG.runSuites(TestNG.java:1069)
at org.testng.TestNG.run(TestNG.java:1037)
at org.testng.remote.AbstractRemoteTestNG.run(AbstractRemoteTestNG.java:115)
at org.testng.remote.RemoteTestNG.initAndRun(RemoteTestNG.java:251)
at org.testng.remote.RemoteTestNG.main(RemoteTestNG.java:77)
]]>
            </full-stacktrace>
          </exception> <!-- org.openqa.selenium.NoSuchElementException -->
          <reporter-output>
          </reporter-output>
        </test-method> <!-- verifyVoicemodSignInUsingDiscord -->
        <test-method status="PASS" signature="getTestResultInExtentReport(org.testng.ITestResult)[pri:0, instance:tests.TestsAcceptanceWebsite@7364985f]" name="getTestResultInExtentReport" is-config="true" duration-ms="917" started-at="2021-03-11T08:34:34 CET" finished-at="2021-03-11T08:34:35 CET">
          <params>
            <param index="0">
              <value>
                <![CDATA[[TestResult name=verifyVoicemodSignInUsingDiscord status=FAILURE method=TestsAcceptanceWebsite.verifyVoicemodSignInUsingDiscord()[pri:0, instance:tests.TestsAcceptanceWebsite@7364985f] output={null}]]]>
              </value>
            </param>
          </params>
          <reporter-output>
          </reporter-output>
        </test-method> <!-- getTestResultInExtentReport -->
        <test-method status="PASS" signature="setDownloadPrefInFirefox()[pri:0, instance:tests.TestsAcceptanceWebsite@7364985f]" name="setDownloadPrefInFirefox" is-config="true" duration-ms="0" started-at="2021-03-11T08:34:35 CET" finished-at="2021-03-11T08:34:35 CET">
          <reporter-output>
          </reporter-output>
        </test-method> <!-- setDownloadPrefInFirefox -->
        <test-method status="PASS" signature="setUpBrowser(java.lang.String)[pri:0, instance:tests.TestsAcceptanceWebsite@7364985f]" name="setUpBrowser" is-config="true" duration-ms="3951" started-at="2021-03-11T08:34:35 CET" finished-at="2021-03-11T08:34:39 CET">
          <params>
            <param index="0">
              <value>
                <![CDATA[https://www.voicemod.net/]]>
              </value>
            </param>
          </params>
          <reporter-output>
          </reporter-output>
        </test-method> <!-- setUpBrowser -->
        <test-method status="PASS" signature="before(org.testng.ITestResult)[pri:0, instance:tests.TestsAcceptanceWebsite@7364985f]" name="before" is-config="true" duration-ms="0" started-at="2021-03-11T08:34:35 CET" finished-at="2021-03-11T08:34:35 CET">
          <params>
            <param index="0">
              <value>
                <![CDATA[[TestResult name={null} status=CREATED method=TestsAcceptanceWebsite.verifyVoicemodSignInUsingTwitch()[pri:1, instance:tests.TestsAcceptanceWebsite@7364985f] output={null}]]]>
              </value>
            </param>
          </params>
          <reporter-output>
          </reporter-output>
        </test-method> <!-- before -->
        <test-method status="PASS" signature="beforeTest()[pri:0, instance:tests.TestsAcceptanceWebsite@7364985f]" name="beforeTest" is-config="true" duration-ms="1" started-at="2021-03-11T08:34:39 CET" finished-at="2021-03-11T08:34:39 CET">
          <reporter-output>
          </reporter-output>
        </test-method> <!-- beforeTest -->
        <test-method status="FAIL" signature="verifyVoicemodSignInUsingTwitch()[pri:1, instance:tests.TestsAcceptanceWebsite@7364985f]" name="verifyVoicemodSignInUsingTwitch" duration-ms="38817" started-at="2021-03-11T08:34:39 CET" description="Test_Website_03 from Acceptance Tests excel sheet" finished-at="2021-03-11T08:35:18 CET">
          <exception class="org.openqa.selenium.NoSuchElementException">
            <message>
              <![CDATA[Unable to locate element: //a[@id='Twitch']
For documentation on this error, please visit: https://www.seleniumhq.org/exceptions/no_such_element.html
Build info: version: '3.141.59', revision: 'e82be7d358', time: '2018-11-14T08:17:03'
System info: host: 'f8ffc202c4b9.ant.amazon.com', ip: '172.20.10.2', os.name: 'Mac OS X', os.arch: 'x86_64', os.version: '10.14.6', java.version: '1.8.0_282'
Driver info: org.openqa.selenium.firefox.FirefoxDriver
Capabilities {acceptInsecureCerts: true, browserName: firefox, browserVersion: 78.7.0, javascriptEnabled: true, moz:accessibilityChecks: false, moz:buildID: 20210119174753, moz:geckodriverVersion: 0.29.0, moz:headless: false, moz:processID: 26509, moz:profile: /var/folders/j2/j37l7hqs1pn..., moz:shutdownTimeout: 60000, moz:useNonSpecCompliantPointerOrigin: false, moz:webdriverClick: true, pageLoadStrategy: normal, platform: MAC, platformName: MAC, platformVersion: 18.7.0, rotatable: false, setWindowRect: true, strictFileInteractability: false, timeouts: {implicit: 0, pageLoad: 300000, script: 30000}, unhandledPromptBehavior: dismiss and notify}
Session ID: faab3c17-1559-a14c-adfa-e871934bc11d
*** Element info: {Using=xpath, value=//a[@id='Twitch']}]]>
            </message>
            <full-stacktrace>
              <![CDATA[org.openqa.selenium.NoSuchElementException: Unable to locate element: //a[@id='Twitch']
For documentation on this error, please visit: https://www.seleniumhq.org/exceptions/no_such_element.html
Build info: version: '3.141.59', revision: 'e82be7d358', time: '2018-11-14T08:17:03'
System info: host: 'f8ffc202c4b9.ant.amazon.com', ip: '172.20.10.2', os.name: 'Mac OS X', os.arch: 'x86_64', os.version: '10.14.6', java.version: '1.8.0_282'
Driver info: org.openqa.selenium.firefox.FirefoxDriver
Capabilities {acceptInsecureCerts: true, browserName: firefox, browserVersion: 78.7.0, javascriptEnabled: true, moz:accessibilityChecks: false, moz:buildID: 20210119174753, moz:geckodriverVersion: 0.29.0, moz:headless: false, moz:processID: 26509, moz:profile: /var/folders/j2/j37l7hqs1pn..., moz:shutdownTimeout: 60000, moz:useNonSpecCompliantPointerOrigin: false, moz:webdriverClick: true, pageLoadStrategy: normal, platform: MAC, platformName: MAC, platformVersion: 18.7.0, rotatable: false, setWindowRect: true, strictFileInteractability: false, timeouts: {implicit: 0, pageLoad: 300000, script: 30000}, unhandledPromptBehavior: dismiss and notify}
Session ID: faab3c17-1559-a14c-adfa-e871934bc11d
*** Element info: {Using=xpath, value=//a[@id='Twitch']}
at sun.reflect.NativeConstructorAccessorImpl.newInstance0(Native Method)
at sun.reflect.NativeConstructorAccessorImpl.newInstance(NativeConstructorAccessorImpl.java:62)
at sun.reflect.DelegatingConstructorAccessorImpl.newInstance(DelegatingConstructorAccessorImpl.java:45)
at java.lang.reflect.Constructor.newInstance(Constructor.java:423)
at org.openqa.selenium.remote.http.W3CHttpResponseCodec.createException(W3CHttpResponseCodec.java:187)
at org.openqa.selenium.remote.http.W3CHttpResponseCodec.decode(W3CHttpResponseCodec.java:122)
at org.openqa.selenium.remote.http.W3CHttpResponseCodec.decode(W3CHttpResponseCodec.java:49)
at org.openqa.selenium.remote.HttpCommandExecutor.execute(HttpCommandExecutor.java:158)
at org.openqa.selenium.remote.service.DriverCommandExecutor.execute(DriverCommandExecutor.java:83)
at org.openqa.selenium.remote.RemoteWebDriver.execute(RemoteWebDriver.java:552)
at org.openqa.selenium.remote.RemoteWebDriver.findElement(RemoteWebDriver.java:323)
at org.openqa.selenium.remote.RemoteWebDriver.findElementByXPath(RemoteWebDriver.java:428)
at org.openqa.selenium.By$ByXPath.findElement(By.java:353)
at org.openqa.selenium.remote.RemoteWebDriver.findElement(RemoteWebDriver.java:315)
at org.openqa.selenium.support.pagefactory.DefaultElementLocator.findElement(DefaultElementLocator.java:69)
at org.openqa.selenium.support.pagefactory.internal.LocatingElementHandler.invoke(LocatingElementHandler.java:38)
at com.sun.proxy.$Proxy13.click(Unknown Source)
at pages.SignUpPage.clickTwitchSignInButton(SignUpPage.java:93)
at tests.TestsAcceptanceWebsite.verifyVoicemodSignInUsingTwitch(TestsAcceptanceWebsite.java:82)
at sun.reflect.NativeMethodAccessorImpl.invoke0(Native Method)
at sun.reflect.NativeMethodAccessorImpl.invoke(NativeMethodAccessorImpl.java:62)
at sun.reflect.DelegatingMethodAccessorImpl.invoke(DelegatingMethodAccessorImpl.java:43)
at java.lang.reflect.Method.invoke(Method.java:498)
at org.testng.internal.MethodInvocationHelper.invokeMethod(MethodInvocationHelper.java:132)
at org.testng.internal.TestInvoker.invokeMethod(TestInvoker.java:599)
at org.testng.internal.TestInvoker.invokeTestMethod(TestInvoker.java:174)
at org.testng.internal.MethodRunner.runInSequence(MethodRunner.java:46)
at org.testng.internal.TestInvoker$MethodInvocationAgent.invoke(TestInvoker.java:822)
at org.testng.internal.TestInvoker.invokeTestMethods(TestInvoker.java:147)
at org.testng.internal.TestMethodWorker.invokeTestMethods(TestMethodWorker.java:146)
at org.testng.internal.TestMethodWorker.run(TestMethodWorker.java:128)
at java.util.ArrayList.forEach(ArrayList.java:1259)
at org.testng.TestRunner.privateRun(TestRunner.java:764)
at org.testng.TestRunner.run(TestRunner.java:585)
at org.testng.SuiteRunner.runTest(SuiteRunner.java:384)
at org.testng.SuiteRunner.runSequentially(SuiteRunner.java:378)
at org.testng.SuiteRunner.privateRun(SuiteRunner.java:337)
at org.testng.SuiteRunner.run(SuiteRunner.java:286)
at org.testng.SuiteRunnerWorker.runSuite(SuiteRunnerWorker.java:53)
at org.testng.SuiteRunnerWorker.run(SuiteRunnerWorker.java:96)
at org.testng.TestNG.runSuitesSequentially(TestNG.java:1218)
at org.testng.TestNG.runSuitesLocally(TestNG.java:1140)
at org.testng.TestNG.runSuites(TestNG.java:1069)
at org.testng.TestNG.run(TestNG.java:1037)
at org.testng.remote.AbstractRemoteTestNG.run(AbstractRemoteTestNG.java:115)
at org.testng.remote.RemoteTestNG.initAndRun(RemoteTestNG.java:251)
at org.testng.remote.RemoteTestNG.main(RemoteTestNG.java:77)
]]>
            </full-stacktrace>
          </exception> <!-- org.openqa.selenium.NoSuchElementException -->
          <reporter-output>
          </reporter-output>
        </test-method> <!-- verifyVoicemodSignInUsingTwitch -->
        <test-method status="PASS" signature="getTestResultInExtentReport(org.testng.ITestResult)[pri:0, instance:tests.TestsAcceptanceWebsite@7364985f]" name="getTestResultInExtentReport" is-config="true" duration-ms="899" started-at="2021-03-11T08:35:18 CET" finished-at="2021-03-11T08:35:19 CET">
          <params>
            <param index="0">
              <value>
                <![CDATA[[TestResult name=verifyVoicemodSignInUsingTwitch status=FAILURE method=TestsAcceptanceWebsite.verifyVoicemodSignInUsingTwitch()[pri:1, instance:tests.TestsAcceptanceWebsite@7364985f] output={null}]]]>
              </value>
            </param>
          </params>
          <reporter-output>
          </reporter-output>
        </test-method> <!-- getTestResultInExtentReport -->
      </class> <!-- tests.TestsAcceptanceWebsite -->
    </test> <!-- Voicemod website tests -->
  </suite> <!-- VoicemodWebsiteTests -->
</testng-results>
